Current configuration:
[NAME]		[DEFLT]	[VALUE]
-example	no	no
-help		no	no
-mixwfn			/home/aqom/sphinx-source/indo/model_parameters/indo.ci_cont_flatinitial/mixture_weights
-moddeffn		/home/aqom/sphinx-source/indo/model_architecture/indo.ci.mdef
-ndensity	256	1
-nstream	4	1
-tmatfn			/home/aqom/sphinx-source/indo/model_parameters/indo.ci_cont_flatinitial/transition_matrices
-topo			/home/aqom/sphinx-source/indo/model_architecture/indo.topology

INFO: model_def_io.c(573): Model definition info:
INFO: model_def_io.c(574): 15 total models defined (15 base, 0 tri)
INFO: model_def_io.c(575): 60 total states
INFO: model_def_io.c(576): 45 total tied states
INFO: model_def_io.c(577): 45 total tied CI states
INFO: model_def_io.c(578): 15 total tied transition matrices
INFO: model_def_io.c(579): 4 max state/model
INFO: model_def_io.c(580): 4 min state/model
INFO: s3tmat_io.c(176): Wrote /home/aqom/sphinx-source/indo/model_parameters/indo.ci_cont_flatinitial/transition_matrices [15x3x4 array]
INFO: s3mixw_io.c(233): Wrote /home/aqom/sphinx-source/indo/model_parameters/indo.ci_cont_flatinitial/mixture_weights [45x1x1 array]
main.c(83): Reading model definition file /home/aqom/sphinx-source/indo/model_architecture/indo.ci.mdef
main.c(90): 15 models defined
Sat Aug 11 10:43:16 2018
